Connection failed: SQLSTATE[HY000] [1045] Access denied for user 'root'@'localhost' (using password: YES)
SELECT * FROM ads  WHERE slug="toyota-su-vin-kodu"
SELECT * FROM ads  WHERE id="25"
2022/02/15 07-18-36SELECT * FROM ads  WHERE slug="toyota-su-vin-kodu"
2022/02/15 07-18-36SELECT * FROM ads  WHERE id="25"
2022/02/15 07-19-08SELECT * FROM ads  WHERE slug="toyota-su-vin-kodu"
2022/02/15 07-19-08SELECT * FROM ads  WHERE id="25"
2022/02/15 20:07:56 SELECT * FROM ads  WHERE active="1"
2022/02/15 20:07:56 SELECT * FROM ads  WHERE id="2"
2022/02/15 20:07:56 SELECT * FROM ads  WHERE id="13"
2022/02/15 20:07:56 SELECT * FROM ads  WHERE id="18"
2022/02/15 20:07:56 SELECT * FROM ads  WHERE id="19"
2022/02/15 20:07:56 SELECT * FROM ads  WHERE id="20"
2022/02/15 20:07:56 SELECT * FROM ads  WHERE id="21"
2022/02/15 20:07:56 SELECT * FROM ads  WHERE id="22"
2022/02/15 20:07:56 SELECT * FROM ads  WHERE id="23"
2022/02/15 20:07:56 SELECT * FROM ads  WHERE id="24"
2022/02/15 20:07:56 SELECT * FROM ads  WHERE id="25"
2022/02/15 20:07:56 SELECT * FROM ads  WHERE id="26"
2022/02/15 20:07:57 SELECT * FROM ads  WHERE slug="dasdasd-su-vin"
2022/02/15 20:07:57 SELECT * FROM ads  WHERE id="26"
2022/02/15 20:19:14 SELECT * FROM ads  WHERE slug="dasdasd-su-vin"
2022/02/15 20:19:14 SELECT * FROM ads  WHERE id="26"
2022/02/15 20:19:15 SELECT * FROM ads  WHERE slug="dasdasd-su-vin"
2022/02/15 20:19:15 SELECT * FROM ads  WHERE id="26"
2022/02/15 20:19:15 SELECT * FROM ads  WHERE slug="dasdasd-su-vin"
2022/02/15 20:19:15 SELECT * FROM ads  WHERE id="26"
2022/02/15 20:19:18 SELECT * FROM ads  WHERE active="1"
2022/02/15 20:19:18 SELECT * FROM ads  WHERE id="2"
2022/02/15 20:19:18 SELECT * FROM ads  WHERE id="13"
2022/02/15 20:19:18 SELECT * FROM ads  WHERE id="18"
2022/02/15 20:19:18 SELECT * FROM ads  WHERE id="19"
2022/02/15 20:19:18 SELECT * FROM ads  WHERE id="20"
2022/02/15 20:19:18 SELECT * FROM ads  WHERE id="21"
2022/02/15 20:19:18 SELECT * FROM ads  WHERE id="22"
2022/02/15 20:19:18 SELECT * FROM ads  WHERE id="23"
2022/02/15 20:19:18 SELECT * FROM ads  WHERE id="24"
2022/02/15 20:19:18 SELECT * FROM ads  WHERE id="25"
2022/02/15 20:19:18 SELECT * FROM ads  WHERE id="26"
2022/02/15 20:19:19 SELECT * FROM ads  WHERE slug="dasdasd-su-vin"
2022/02/15 20:19:19 SELECT * FROM ads  WHERE id="26"
2022/02/15 20:19:20 SELECT * FROM ads  WHERE active="1"
2022/02/15 20:19:20 SELECT * FROM ads  WHERE id="2"
2022/02/15 20:19:20 SELECT * FROM ads  WHERE id="13"
2022/02/15 20:19:20 SELECT * FROM ads  WHERE id="18"
2022/02/15 20:19:20 SELECT * FROM ads  WHERE id="19"
2022/02/15 20:19:20 SELECT * FROM ads  WHERE id="20"
2022/02/15 20:19:20 SELECT * FROM ads  WHERE id="21"
2022/02/15 20:19:20 SELECT * FROM ads  WHERE id="22"
2022/02/15 20:19:20 SELECT * FROM ads  WHERE id="23"
2022/02/15 20:19:20 SELECT * FROM ads  WHERE id="24"
2022/02/15 20:19:20 SELECT * FROM ads  WHERE id="25"
2022/02/15 20:19:20 SELECT * FROM ads  WHERE id="26"
2022/02/15 20:19:21 SELECT * FROM ads  WHERE slug="toyota-su-vin-kodu"
2022/02/15 20:19:21 SELECT * FROM ads  WHERE id="25"
2022/02/15 20:19:25 SELECT * FROM ads  WHERE active="1"
2022/02/15 20:19:25 SELECT * FROM ads  WHERE id="2"
2022/02/15 20:19:25 SELECT * FROM ads  WHERE id="13"
2022/02/15 20:19:25 SELECT * FROM ads  WHERE id="18"
2022/02/15 20:19:25 SELECT * FROM ads  WHERE id="19"
2022/02/15 20:19:25 SELECT * FROM ads  WHERE id="20"
2022/02/15 20:19:25 SELECT * FROM ads  WHERE id="21"
2022/02/15 20:19:25 SELECT * FROM ads  WHERE id="22"
2022/02/15 20:19:25 SELECT * FROM ads  WHERE id="23"
2022/02/15 20:19:25 SELECT * FROM ads  WHERE id="24"
2022/02/15 20:19:25 SELECT * FROM ads  WHERE id="25"
2022/02/15 20:19:25 SELECT * FROM ads  WHERE id="26"
2022/02/15 20:19:26 SELECT * FROM ads  WHERE slug="dasdasd-su-vin"
2022/02/15 20:19:26 SELECT * FROM ads  WHERE id="26"
2022/02/15 20:38:42 SELECT * FROM ads  WHERE active="1"
2022/02/15 20:38:42 SELECT * FROM ads  WHERE id="2"
2022/02/15 20:38:42 SELECT * FROM ads  WHERE id="13"
2022/02/15 20:38:42 SELECT * FROM ads  WHERE id="18"
2022/02/15 20:38:42 SELECT * FROM ads  WHERE id="19"
2022/02/15 20:38:42 SELECT * FROM ads  WHERE id="20"
2022/02/15 20:38:42 SELECT * FROM ads  WHERE id="21"
2022/02/15 20:38:42 SELECT * FROM ads  WHERE id="22"
2022/02/15 20:38:42 SELECT * FROM ads  WHERE id="23"
2022/02/15 20:38:42 SELECT * FROM ads  WHERE id="24"
2022/02/15 20:38:42 SELECT * FROM ads  WHERE id="25"
2022/02/15 20:38:42 SELECT * FROM ads  WHERE id="26"
2022/02/15 20:38:43 SELECT * FROM ads  WHERE slug="toyota-su-vin-kodu"
2022/02/15 20:38:43 SELECT * FROM ads  WHERE id="25"
2022/02/15 20:54:43 SELECT * FROM ads  WHERE active="1"
2022/02/15 20:54:43 SELECT * FROM ads  WHERE id="2"
2022/02/15 20:54:43 SELECT * FROM ads  WHERE id="13"
2022/02/15 20:54:43 SELECT * FROM ads  WHERE id="18"
2022/02/15 20:54:43 SELECT * FROM ads  WHERE id="19"
2022/02/15 20:54:43 SELECT * FROM ads  WHERE id="20"
2022/02/15 20:54:43 SELECT * FROM ads  WHERE id="21"
2022/02/15 20:54:43 SELECT * FROM ads  WHERE id="22"
2022/02/15 20:54:43 SELECT * FROM ads  WHERE id="23"
2022/02/15 20:54:43 SELECT * FROM ads  WHERE id="24"
2022/02/15 20:54:43 SELECT * FROM ads  WHERE id="25"
2022/02/15 20:54:43 SELECT * FROM ads  WHERE id="26"
2022/02/15 20:57:56 SELECT * FROM ads  WHERE active="1"
2022/02/15 20:57:56 SELECT * FROM ads  WHERE id="2"
2022/02/15 20:57:56 SELECT * FROM ads  WHERE id="13"
2022/02/15 20:57:56 SELECT * FROM ads  WHERE id="18"
2022/02/15 20:57:56 SELECT * FROM ads  WHERE id="19"
2022/02/15 20:57:56 SELECT * FROM ads  WHERE id="20"
2022/02/15 20:57:56 SELECT * FROM ads  WHERE id="21"
2022/02/15 20:57:56 SELECT * FROM ads  WHERE id="22"
2022/02/15 20:57:56 SELECT * FROM ads  WHERE id="23"
2022/02/15 20:57:56 SELECT * FROM ads  WHERE id="24"
2022/02/15 20:57:56 SELECT * FROM ads  WHERE id="25"
2022/02/15 20:57:56 SELECT * FROM ads  WHERE id="26"
2022/02/15 20:57:58 SELECT * FROM cities 
2022/02/15 20:57:58 SELECT * FROM cities  WHERE id="1"
2022/02/15 20:57:58 SELECT * FROM cities  WHERE id="2"
2022/02/15 20:57:58 SELECT * FROM cities  WHERE id="3"
2022/02/15 20:57:59 SELECT * FROM ads  WHERE active="1"
2022/02/15 20:57:59 SELECT * FROM ads  WHERE id="2"
2022/02/15 20:57:59 SELECT * FROM ads  WHERE id="13"
2022/02/15 20:57:59 SELECT * FROM ads  WHERE id="18"
2022/02/15 20:57:59 SELECT * FROM ads  WHERE id="19"
2022/02/15 20:57:59 SELECT * FROM ads  WHERE id="20"
2022/02/15 20:57:59 SELECT * FROM ads  WHERE id="21"
2022/02/15 20:57:59 SELECT * FROM ads  WHERE id="22"
2022/02/15 20:57:59 SELECT * FROM ads  WHERE id="23"
2022/02/15 20:57:59 SELECT * FROM ads  WHERE id="24"
2022/02/15 20:57:59 SELECT * FROM ads  WHERE id="25"
2022/02/15 20:57:59 SELECT * FROM ads  WHERE id="26"
2022/02/15 21:33:14 SELECT * FROM ads  WHERE active="1"
2022/02/15 21:33:14 SELECT * FROM ads  WHERE id="2"
2022/02/15 21:33:14 SELECT * FROM ads  WHERE id="13"
2022/02/15 21:33:14 SELECT * FROM ads  WHERE id="18"
2022/02/15 21:33:14 SELECT * FROM ads  WHERE id="19"
2022/02/15 21:33:14 SELECT * FROM ads  WHERE id="20"
2022/02/15 21:33:14 SELECT * FROM ads  WHERE id="21"
2022/02/15 21:33:14 SELECT * FROM ads  WHERE id="22"
2022/02/15 21:33:14 SELECT * FROM ads  WHERE id="23"
2022/02/15 21:33:14 SELECT * FROM ads  WHERE id="24"
2022/02/15 21:33:14 SELECT * FROM ads  WHERE id="25"
2022/02/15 21:33:14 SELECT * FROM ads  WHERE id="26"
2022/02/15 21:33:16 SELECT * FROM ads  WHERE active="1"
2022/02/15 21:33:16 SELECT * FROM ads  WHERE id="2"
2022/02/15 21:33:16 SELECT * FROM ads  WHERE id="13"
2022/02/15 21:33:16 SELECT * FROM ads  WHERE id="18"
2022/02/15 21:33:16 SELECT * FROM ads  WHERE id="19"
2022/02/15 21:33:16 SELECT * FROM ads  WHERE id="20"
2022/02/15 21:33:16 SELECT * FROM ads  WHERE id="21"
2022/02/15 21:33:16 SELECT * FROM ads  WHERE id="22"
2022/02/15 21:33:16 SELECT * FROM ads  WHERE id="23"
2022/02/15 21:33:16 SELECT * FROM ads  WHERE id="24"
2022/02/15 21:33:16 SELECT * FROM ads  WHERE id="25"
2022/02/15 21:33:16 SELECT * FROM ads  WHERE id="26"
2022/02/15 21:33:47 SELECT * FROM ads  WHERE active="1"
2022/02/15 21:33:47 SELECT * FROM ads  WHERE id="2"
2022/02/15 21:33:47 SELECT * FROM ads  WHERE id="13"
2022/02/15 21:33:47 SELECT * FROM ads  WHERE id="18"
2022/02/15 21:33:47 SELECT * FROM ads  WHERE id="19"
2022/02/15 21:33:47 SELECT * FROM ads  WHERE id="20"
2022/02/15 21:33:47 SELECT * FROM ads  WHERE id="21"
2022/02/15 21:33:47 SELECT * FROM ads  WHERE id="22"
2022/02/15 21:33:47 SELECT * FROM ads  WHERE id="23"
2022/02/15 21:33:47 SELECT * FROM ads  WHERE id="24"
2022/02/15 21:33:47 SELECT * FROM ads  WHERE id="25"
2022/02/15 21:33:47 SELECT * FROM ads  WHERE id="26"
2022/02/15 21:33:58 SELECT * FROM ads  WHERE active="1"
2022/02/15 21:33:58 SELECT * FROM ads  WHERE id="2"
2022/02/15 21:33:58 SELECT * FROM ads  WHERE id="13"
2022/02/15 21:33:58 SELECT * FROM ads  WHERE id="18"
2022/02/15 21:33:58 SELECT * FROM ads  WHERE id="19"
2022/02/15 21:33:58 SELECT * FROM ads  WHERE id="20"
2022/02/15 21:33:58 SELECT * FROM ads  WHERE id="21"
2022/02/15 21:33:58 SELECT * FROM ads  WHERE id="22"
2022/02/15 21:33:58 SELECT * FROM ads  WHERE id="23"
2022/02/15 21:33:58 SELECT * FROM ads  WHERE id="24"
2022/02/15 21:33:58 SELECT * FROM ads  WHERE id="25"
2022/02/15 21:33:58 SELECT * FROM ads  WHERE id="26"
2022/02/15 21:34:38 SELECT * FROM ads  WHERE active="1"
2022/02/15 21:34:38 SELECT * FROM ads  WHERE id="2"
2022/02/15 21:34:38 SELECT * FROM ads  WHERE id="13"
2022/02/15 21:34:38 SELECT * FROM ads  WHERE id="18"
2022/02/15 21:34:38 SELECT * FROM ads  WHERE id="19"
2022/02/15 21:34:38 SELECT * FROM ads  WHERE id="20"
2022/02/15 21:34:38 SELECT * FROM ads  WHERE id="21"
2022/02/15 21:34:38 SELECT * FROM ads  WHERE id="22"
2022/02/15 21:34:38 SELECT * FROM ads  WHERE id="23"
2022/02/15 21:34:38 SELECT * FROM ads  WHERE id="24"
2022/02/15 21:34:38 SELECT * FROM ads  WHERE id="25"
2022/02/15 21:34:38 SELECT * FROM ads  WHERE id="26"
2022/02/15 21:34:38 SELECT * FROM ads  WHERE slug="toyota-su-vin-kodu"
2022/02/15 21:34:38 SELECT * FROM ads  WHERE id="25"
2022/02/15 21:34:43 SELECT * FROM ads  WHERE active="1"
2022/02/15 21:34:43 SELECT * FROM ads  WHERE id="2"
2022/02/15 21:34:43 SELECT * FROM ads  WHERE id="13"
2022/02/15 21:34:43 SELECT * FROM ads  WHERE id="18"
2022/02/15 21:34:43 SELECT * FROM ads  WHERE id="19"
2022/02/15 21:34:43 SELECT * FROM ads  WHERE id="20"
2022/02/15 21:34:43 SELECT * FROM ads  WHERE id="21"
2022/02/15 21:34:43 SELECT * FROM ads  WHERE id="22"
2022/02/15 21:34:43 SELECT * FROM ads  WHERE id="23"
2022/02/15 21:34:43 SELECT * FROM ads  WHERE id="24"
2022/02/15 21:34:43 SELECT * FROM ads  WHERE id="25"
2022/02/15 21:34:43 SELECT * FROM ads  WHERE id="26"
2022/02/15 21:34:44 SELECT * FROM ads  WHERE slug="dasdasd-su-vin"
2022/02/15 21:34:44 SELECT * FROM ads  WHERE id="26"
